2026-04-13 14:04:04 | ERROR    | browser_use.BrowserSession🅑 6ee7 🅣 E8 | ❌ Navigation failed: Event handler browser_use.browser.watchdog_base.BrowserSession.on_NavigateToUrlEvent#3744(?▶ NavigateToUrlEvent#9d68 🏃) timed out after 30.0s and interrupted any processing of 1 child events
2026-04-13 14:08:45 | ERROR    | browser_use.BrowserSession🅑 9b6a 🅣 38 | ❌ Navigation failed: Event handler browser_use.browser.watchdog_base.BrowserSession.on_NavigateToUrlEvent#9056(?▶ NavigateToUrlEvent#538e 🏃) timed out after 30.0s and interrupted any processing of 1 child events
2026-04-13 14:09:41 | ERROR    | browser_use.BrowserSession🅑 d1c5 🅣 04 | ❌ Navigation failed: Event handler browser_use.browser.watchdog_base.BrowserSession.on_NavigateToUrlEvent#3536(?▶ NavigateToUrlEvent#cc83 🏃) timed out after 30.0s and interrupted any processing of 1 child events
2026-04-13 14:19:03 | ERROR    | browser_use.BrowserSession🅑 d3ef 🅣 C8 | ❌ Navigation failed: Event handler browser_use.browser.watchdog_base.BrowserSession.on_NavigateToUrlEvent#0016(?▶ NavigateToUrlEvent#4e78 🏃) timed out after 30.0s and interrupted any processing of 1 child events
2026-04-13 14:42:46 | ERROR    | browser_use.BrowserSession🅑 3195 🅣 42 | ❌ Navigation failed: Event handler browser_use.browser.watchdog_base.BrowserSession.on_NavigateToUrlEvent#6512(?▶ NavigateToUrlEvent#8599 🏃) timed out after 30.0s and interrupted any processing of 1 child events
2026-04-13 14:48:26 | ERROR    | browser_use.BrowserSession🅑 251f 🅣 E5 | ❌ Navigation failed: Event handler browser_use.browser.watchdog_base.BrowserSession.on_NavigateToUrlEvent#8928(?▶ NavigateToUrlEvent#c221 🏃) timed out after 30.0s and interrupted any processing of 1 child events
2026-04-13 15:03:51 | ERROR    | browser_use.BrowserSession🅑 b6c8 🅣 92 | ❌ Navigation failed: Event handler browser_use.browser.watchdog_base.BrowserSession.on_NavigateToUrlEvent#8128(?▶ NavigateToUrlEvent#c9d2 🏃) timed out after 30.0s and interrupted any processing of 1 child events
2026-04-13 15:32:05 | ERROR    | browser_use.BrowserSession🅑 bf6b 🅣 96 | Exception in background task [capture_screenshot]: TimeoutError: Event handler browser_use.browser.watchdog_base.ScreenshotWatchdog.on_ScreenshotEvent#2160(?▶ ScreenshotEvent#bd48 🏃) timed out after 15.0s
Traceback (most recent call last):
  File "C:\Users\a.varlamova\AppData\Local\Programs\Python\Python311\Lib\asyncio\tasks.py", line 500, in wait_for
    return fut.result()
           ^^^^^^^^^^^^
  File "D:\diplom\crowler\.venv\Lib\site-packages\browser_use\browser\watchdog_base.py", line 153, in unique_handler
    result = await actual_handler(event)
             ^^^^^^^^^^^^^^^^^^^^^^^^^^^
  File "D:\diplom\crowler\.venv\Lib\site-packages\browser_use\observability.py", line 73, in async_wrapper
    return await func(*args, **kwargs)
           ^^^^^^^^^^^^^^^^^^^^^^^^^^^
  File "D:\diplom\crowler\.venv\Lib\site-packages\browser_use\browser\watchdogs\screenshot_watchdog.py", line 78, in on_ScreenshotEvent
    result = await cdp_session.cdp_client.send.Page.captureScreenshot(params=params, session_id=cdp_session.session_id)
             ^^^^^^^^^^^^^^^^^^^^^^^^^^^^^^^^^^^^^^^^^^^^^^^^^^^^^^^^^^^^^^^^^^^^^^^^^^^^^^^^^^^^^^^^^^^^^^^^^^^^^^^^^^
  File "D:\diplom\crowler\.venv\Lib\site-packages\cdp_use\cdp\page\library.py", line 137, in captureScreenshot
    await self._client.send_raw(
  File "D:\diplom\crowler\.venv\Lib\site-packages\cdp_use\client.py", line 389, in send_raw
    return await future
           ^^^^^^^^^^^^
asyncio.exceptions.CancelledError

The above exception was the direct cause of the following exception:

Traceback (most recent call last):
  File "D:\diplom\crowler\.venv\Lib\site-packages\bubus\service.py", line 1128, in execute_handler
    result_value: Any = await asyncio.wait_for(handler_task, timeout=event_result.timeout)
                        ^^^^^^^^^^^^^^^^^^^^^^^^^^^^^^^^^^^^^^^^^^^^^^^^^^^^^^^^^^^^^^^^^^
  File "C:\Users\a.varlamova\AppData\Local\Programs\Python\Python311\Lib\asyncio\tasks.py", line 502, in wait_for
    raise exceptions.TimeoutError() from exc
TimeoutError

The above exception was the direct cause of the following exception:

Traceback (most recent call last):
  File "D:\diplom\crowler\.venv\Lib\site-packages\browser_use\utils.py", line 401, in wrapper
    result = await func(*args, **kwargs)
             ^^^^^^^^^^^^^^^^^^^^^^^^^^^
  File "D:\diplom\crowler\.venv\Lib\site-packages\browser_use\observability.py", line 73, in async_wrapper
    return await func(*args, **kwargs)
           ^^^^^^^^^^^^^^^^^^^^^^^^^^^
  File "D:\diplom\crowler\.venv\Lib\site-packages\browser_use\browser\watchdogs\dom_watchdog.py", line 700, in _capture_clean_screenshot
    screenshot_b64 = await screenshot_event.event_result(raise_if_any=True, raise_if_none=True)
                     ^^^^^^^^^^^^^^^^^^^^^^^^^^^^^^^^^^^^^^^^^^^^^^^^^^^^^^^^^^^^^^^^^^^^^^^^^^
  File "D:\diplom\crowler\.venv\Lib\site-packages\bubus\models.py", line 574, in event_result
    valid_results = await self.event_results_filtered(
                    ^^^^^^^^^^^^^^^^^^^^^^^^^^^^^^^^^^
  File "D:\diplom\crowler\.venv\Lib\site-packages\bubus\models.py", line 516, in event_results_filtered
    raise original_error
  File "D:\diplom\crowler\.venv\Lib\site-packages\bubus\models.py", line 490, in event_results_filtered
    await event_result
  File "D:\diplom\crowler\.venv\Lib\site-packages\bubus\models.py", line 889, in wait_for_handler_to_complete_and_return_result
    raise self.error if isinstance(self.error, BaseException) else Exception(self.error)  # pyright: ignore[reportUnnecessaryIsInstance]
    ^^^^^^^^^^^^^^^^^^^^^^^^^^^^^^^^^^^^^^^^^^^^^^^^^^^^^^^^^^^^^^^^^^^^^^^^^^^^^^^^^^^^
  File "D:\diplom\crowler\.venv\Lib\site-packages\bubus\service.py", line 1070, in _execute_handlers
    await self.execute_handler(event, handler, timeout=timeout)
  File "D:\diplom\crowler\.venv\Lib\site-packages\bubus\service.py", line 1194, in execute_handler
    raise handler_timeout_error from e
TimeoutError: Event handler browser_use.browser.watchdog_base.ScreenshotWatchdog.on_ScreenshotEvent#2160(?▶ ScreenshotEvent#bd48 🏃) timed out after 15.0s
2026-04-13 15:33:03 | ERROR    | browser_use.BrowserSession🅑 8915 🅣 63 | ❌ Navigation failed: Event handler browser_use.browser.watchdog_base.BrowserSession.on_NavigateToUrlEvent#1952(?▶ NavigateToUrlEvent#c6c8 🏃) timed out after 30.0s and interrupted any processing of 1 child events
2026-04-13 15:33:26 | ERROR    | browser_use.BrowserSession🅑 8915 🅣 63 | Exception in background task [capture_screenshot]: TimeoutError: Event handler browser_use.browser.watchdog_base.ScreenshotWatchdog.on_ScreenshotEvent#5344(?▶ ScreenshotEvent#76a1 🏃) timed out after 15.0s
Traceback (most recent call last):
  File "C:\Users\a.varlamova\AppData\Local\Programs\Python\Python311\Lib\asyncio\tasks.py", line 500, in wait_for
    return fut.result()
           ^^^^^^^^^^^^
  File "D:\diplom\crowler\.venv\Lib\site-packages\browser_use\browser\watchdog_base.py", line 153, in unique_handler
    result = await actual_handler(event)
             ^^^^^^^^^^^^^^^^^^^^^^^^^^^
  File "D:\diplom\crowler\.venv\Lib\site-packages\browser_use\observability.py", line 73, in async_wrapper
    return await func(*args, **kwargs)
           ^^^^^^^^^^^^^^^^^^^^^^^^^^^
  File "D:\diplom\crowler\.venv\Lib\site-packages\browser_use\browser\watchdogs\screenshot_watchdog.py", line 78, in on_ScreenshotEvent
    result = await cdp_session.cdp_client.send.Page.captureScreenshot(params=params, session_id=cdp_session.session_id)
             ^^^^^^^^^^^^^^^^^^^^^^^^^^^^^^^^^^^^^^^^^^^^^^^^^^^^^^^^^^^^^^^^^^^^^^^^^^^^^^^^^^^^^^^^^^^^^^^^^^^^^^^^^^
  File "D:\diplom\crowler\.venv\Lib\site-packages\cdp_use\cdp\page\library.py", line 137, in captureScreenshot
    await self._client.send_raw(
  File "D:\diplom\crowler\.venv\Lib\site-packages\cdp_use\client.py", line 389, in send_raw
    return await future
           ^^^^^^^^^^^^
asyncio.exceptions.CancelledError

The above exception was the direct cause of the following exception:

Traceback (most recent call last):
  File "D:\diplom\crowler\.venv\Lib\site-packages\bubus\service.py", line 1128, in execute_handler
    result_value: Any = await asyncio.wait_for(handler_task, timeout=event_result.timeout)
                        ^^^^^^^^^^^^^^^^^^^^^^^^^^^^^^^^^^^^^^^^^^^^^^^^^^^^^^^^^^^^^^^^^^
  File "C:\Users\a.varlamova\AppData\Local\Programs\Python\Python311\Lib\asyncio\tasks.py", line 502, in wait_for
    raise exceptions.TimeoutError() from exc
TimeoutError

The above exception was the direct cause of the following exception:

Traceback (most recent call last):
  File "D:\diplom\crowler\.venv\Lib\site-packages\browser_use\utils.py", line 401, in wrapper
    result = await func(*args, **kwargs)
             ^^^^^^^^^^^^^^^^^^^^^^^^^^^
  File "D:\diplom\crowler\.venv\Lib\site-packages\browser_use\observability.py", line 73, in async_wrapper
    return await func(*args, **kwargs)
           ^^^^^^^^^^^^^^^^^^^^^^^^^^^
  File "D:\diplom\crowler\.venv\Lib\site-packages\browser_use\browser\watchdogs\dom_watchdog.py", line 700, in _capture_clean_screenshot
    screenshot_b64 = await screenshot_event.event_result(raise_if_any=True, raise_if_none=True)
                     ^^^^^^^^^^^^^^^^^^^^^^^^^^^^^^^^^^^^^^^^^^^^^^^^^^^^^^^^^^^^^^^^^^^^^^^^^^
  File "D:\diplom\crowler\.venv\Lib\site-packages\bubus\models.py", line 574, in event_result
    valid_results = await self.event_results_filtered(
                    ^^^^^^^^^^^^^^^^^^^^^^^^^^^^^^^^^^
  File "D:\diplom\crowler\.venv\Lib\site-packages\bubus\models.py", line 516, in event_results_filtered
    raise original_error
  File "D:\diplom\crowler\.venv\Lib\site-packages\bubus\models.py", line 490, in event_results_filtered
    await event_result
  File "D:\diplom\crowler\.venv\Lib\site-packages\bubus\models.py", line 889, in wait_for_handler_to_complete_and_return_result
    raise self.error if isinstance(self.error, BaseException) else Exception(self.error)  # pyright: ignore[reportUnnecessaryIsInstance]
    ^^^^^^^^^^^^^^^^^^^^^^^^^^^^^^^^^^^^^^^^^^^^^^^^^^^^^^^^^^^^^^^^^^^^^^^^^^^^^^^^^^^^
  File "D:\diplom\crowler\.venv\Lib\site-packages\bubus\service.py", line 1070, in _execute_handlers
    await self.execute_handler(event, handler, timeout=timeout)
  File "D:\diplom\crowler\.venv\Lib\site-packages\bubus\service.py", line 1194, in execute_handler
    raise handler_timeout_error from e
TimeoutError: Event handler browser_use.browser.watchdog_base.ScreenshotWatchdog.on_ScreenshotEvent#5344(?▶ ScreenshotEvent#76a1 🏃) timed out after 15.0s
2026-04-13 15:33:59 | ERROR    | browser_use.BrowserSession🅑 8915 🅣 63 | Exception in background task [capture_screenshot]: TimeoutError: Event handler browser_use.browser.watchdog_base.ScreenshotWatchdog.on_ScreenshotEvent#5344(?▶ ScreenshotEvent#9723 🏃) timed out after 15.0s
Traceback (most recent call last):
  File "C:\Users\a.varlamova\AppData\Local\Programs\Python\Python311\Lib\asyncio\tasks.py", line 500, in wait_for
    return fut.result()
           ^^^^^^^^^^^^
  File "D:\diplom\crowler\.venv\Lib\site-packages\browser_use\browser\watchdog_base.py", line 153, in unique_handler
    result = await actual_handler(event)
             ^^^^^^^^^^^^^^^^^^^^^^^^^^^
  File "D:\diplom\crowler\.venv\Lib\site-packages\browser_use\observability.py", line 73, in async_wrapper
    return await func(*args, **kwargs)
           ^^^^^^^^^^^^^^^^^^^^^^^^^^^
  File "D:\diplom\crowler\.venv\Lib\site-packages\browser_use\browser\watchdogs\screenshot_watchdog.py", line 78, in on_ScreenshotEvent
    result = await cdp_session.cdp_client.send.Page.captureScreenshot(params=params, session_id=cdp_session.session_id)
             ^^^^^^^^^^^^^^^^^^^^^^^^^^^^^^^^^^^^^^^^^^^^^^^^^^^^^^^^^^^^^^^^^^^^^^^^^^^^^^^^^^^^^^^^^^^^^^^^^^^^^^^^^^
  File "D:\diplom\crowler\.venv\Lib\site-packages\cdp_use\cdp\page\library.py", line 137, in captureScreenshot
    await self._client.send_raw(
  File "D:\diplom\crowler\.venv\Lib\site-packages\cdp_use\client.py", line 389, in send_raw
    return await future
           ^^^^^^^^^^^^
asyncio.exceptions.CancelledError

The above exception was the direct cause of the following exception:

Traceback (most recent call last):
  File "D:\diplom\crowler\.venv\Lib\site-packages\bubus\service.py", line 1128, in execute_handler
    result_value: Any = await asyncio.wait_for(handler_task, timeout=event_result.timeout)
                        ^^^^^^^^^^^^^^^^^^^^^^^^^^^^^^^^^^^^^^^^^^^^^^^^^^^^^^^^^^^^^^^^^^
  File "C:\Users\a.varlamova\AppData\Local\Programs\Python\Python311\Lib\asyncio\tasks.py", line 502, in wait_for
    raise exceptions.TimeoutError() from exc
TimeoutError

The above exception was the direct cause of the following exception:

Traceback (most recent call last):
  File "D:\diplom\crowler\.venv\Lib\site-packages\browser_use\utils.py", line 401, in wrapper
    result = await func(*args, **kwargs)
             ^^^^^^^^^^^^^^^^^^^^^^^^^^^
  File "D:\diplom\crowler\.venv\Lib\site-packages\browser_use\observability.py", line 73, in async_wrapper
    return await func(*args, **kwargs)
           ^^^^^^^^^^^^^^^^^^^^^^^^^^^
  File "D:\diplom\crowler\.venv\Lib\site-packages\browser_use\browser\watchdogs\dom_watchdog.py", line 700, in _capture_clean_screenshot
    screenshot_b64 = await screenshot_event.event_result(raise_if_any=True, raise_if_none=True)
                     ^^^^^^^^^^^^^^^^^^^^^^^^^^^^^^^^^^^^^^^^^^^^^^^^^^^^^^^^^^^^^^^^^^^^^^^^^^
  File "D:\diplom\crowler\.venv\Lib\site-packages\bubus\models.py", line 574, in event_result
    valid_results = await self.event_results_filtered(
                    ^^^^^^^^^^^^^^^^^^^^^^^^^^^^^^^^^^
  File "D:\diplom\crowler\.venv\Lib\site-packages\bubus\models.py", line 516, in event_results_filtered
    raise original_error
  File "D:\diplom\crowler\.venv\Lib\site-packages\bubus\models.py", line 490, in event_results_filtered
    await event_result
  File "D:\diplom\crowler\.venv\Lib\site-packages\bubus\models.py", line 889, in wait_for_handler_to_complete_and_return_result
    raise self.error if isinstance(self.error, BaseException) else Exception(self.error)  # pyright: ignore[reportUnnecessaryIsInstance]
    ^^^^^^^^^^^^^^^^^^^^^^^^^^^^^^^^^^^^^^^^^^^^^^^^^^^^^^^^^^^^^^^^^^^^^^^^^^^^^^^^^^^^
  File "D:\diplom\crowler\.venv\Lib\site-packages\bubus\service.py", line 1070, in _execute_handlers
    await self.execute_handler(event, handler, timeout=timeout)
  File "D:\diplom\crowler\.venv\Lib\site-packages\bubus\service.py", line 1194, in execute_handler
    raise handler_timeout_error from e
TimeoutError: Event handler browser_use.browser.watchdog_base.ScreenshotWatchdog.on_ScreenshotEvent#5344(?▶ ScreenshotEvent#9723 🏃) timed out after 15.0s
2026-04-13 15:34:58 | ERROR    | browser_use.BrowserSession🅑 b055 🅣 0A | Exception in background task [capture_screenshot]: TimeoutError: Event handler browser_use.browser.watchdog_base.ScreenshotWatchdog.on_ScreenshotEvent#7600(?▶ ScreenshotEvent#ba9f 🏃) timed out after 15.0s
Traceback (most recent call last):
  File "C:\Users\a.varlamova\AppData\Local\Programs\Python\Python311\Lib\asyncio\tasks.py", line 500, in wait_for
    return fut.result()
           ^^^^^^^^^^^^
  File "D:\diplom\crowler\.venv\Lib\site-packages\browser_use\browser\watchdog_base.py", line 153, in unique_handler
    result = await actual_handler(event)
             ^^^^^^^^^^^^^^^^^^^^^^^^^^^
  File "D:\diplom\crowler\.venv\Lib\site-packages\browser_use\observability.py", line 73, in async_wrapper
    return await func(*args, **kwargs)
           ^^^^^^^^^^^^^^^^^^^^^^^^^^^
  File "D:\diplom\crowler\.venv\Lib\site-packages\browser_use\browser\watchdogs\screenshot_watchdog.py", line 78, in on_ScreenshotEvent
    result = await cdp_session.cdp_client.send.Page.captureScreenshot(params=params, session_id=cdp_session.session_id)
             ^^^^^^^^^^^^^^^^^^^^^^^^^^^^^^^^^^^^^^^^^^^^^^^^^^^^^^^^^^^^^^^^^^^^^^^^^^^^^^^^^^^^^^^^^^^^^^^^^^^^^^^^^^
  File "D:\diplom\crowler\.venv\Lib\site-packages\cdp_use\cdp\page\library.py", line 137, in captureScreenshot
    await self._client.send_raw(
  File "D:\diplom\crowler\.venv\Lib\site-packages\cdp_use\client.py", line 389, in send_raw
    return await future
           ^^^^^^^^^^^^
asyncio.exceptions.CancelledError

The above exception was the direct cause of the following exception:

Traceback (most recent call last):
  File "D:\diplom\crowler\.venv\Lib\site-packages\bubus\service.py", line 1128, in execute_handler
    result_value: Any = await asyncio.wait_for(handler_task, timeout=event_result.timeout)
                        ^^^^^^^^^^^^^^^^^^^^^^^^^^^^^^^^^^^^^^^^^^^^^^^^^^^^^^^^^^^^^^^^^^
  File "C:\Users\a.varlamova\AppData\Local\Programs\Python\Python311\Lib\asyncio\tasks.py", line 502, in wait_for
    raise exceptions.TimeoutError() from exc
TimeoutError

The above exception was the direct cause of the following exception:

Traceback (most recent call last):
  File "D:\diplom\crowler\.venv\Lib\site-packages\browser_use\utils.py", line 401, in wrapper
    result = await func(*args, **kwargs)
             ^^^^^^^^^^^^^^^^^^^^^^^^^^^
  File "D:\diplom\crowler\.venv\Lib\site-packages\browser_use\observability.py", line 73, in async_wrapper
    return await func(*args, **kwargs)
           ^^^^^^^^^^^^^^^^^^^^^^^^^^^
  File "D:\diplom\crowler\.venv\Lib\site-packages\browser_use\browser\watchdogs\dom_watchdog.py", line 700, in _capture_clean_screenshot
    screenshot_b64 = await screenshot_event.event_result(raise_if_any=True, raise_if_none=True)
                     ^^^^^^^^^^^^^^^^^^^^^^^^^^^^^^^^^^^^^^^^^^^^^^^^^^^^^^^^^^^^^^^^^^^^^^^^^^
  File "D:\diplom\crowler\.venv\Lib\site-packages\bubus\models.py", line 574, in event_result
    valid_results = await self.event_results_filtered(
                    ^^^^^^^^^^^^^^^^^^^^^^^^^^^^^^^^^^
  File "D:\diplom\crowler\.venv\Lib\site-packages\bubus\models.py", line 516, in event_results_filtered
    raise original_error
  File "D:\diplom\crowler\.venv\Lib\site-packages\bubus\models.py", line 490, in event_results_filtered
    await event_result
  File "D:\diplom\crowler\.venv\Lib\site-packages\bubus\models.py", line 889, in wait_for_handler_to_complete_and_return_result
    raise self.error if isinstance(self.error, BaseException) else Exception(self.error)  # pyright: ignore[reportUnnecessaryIsInstance]
    ^^^^^^^^^^^^^^^^^^^^^^^^^^^^^^^^^^^^^^^^^^^^^^^^^^^^^^^^^^^^^^^^^^^^^^^^^^^^^^^^^^^^
  File "D:\diplom\crowler\.venv\Lib\site-packages\bubus\service.py", line 1070, in _execute_handlers
    await self.execute_handler(event, handler, timeout=timeout)
  File "D:\diplom\crowler\.venv\Lib\site-packages\bubus\service.py", line 1194, in execute_handler
    raise handler_timeout_error from e
TimeoutError: Event handler browser_use.browser.watchdog_base.ScreenshotWatchdog.on_ScreenshotEvent#7600(?▶ ScreenshotEvent#ba9f 🏃) timed out after 15.0s
2026-04-13 15:50:39 | ERROR    | browser_use.BrowserSession🅑 2ade 🅣 0F | ❌ Navigation failed: Event handler browser_use.browser.watchdog_base.BrowserSession.on_NavigateToUrlEvent#6368(?▶ NavigateToUrlEvent#5d77 🏃) timed out after 30.0s and interrupted any processing of 1 child events
2026-04-13 15:51:17 | ERROR    | browser_use.BrowserSession🅑 68f1 🅣 D6 | Exception in background task [capture_screenshot]: TimeoutError: Event handler browser_use.browser.watchdog_base.ScreenshotWatchdog.on_ScreenshotEvent#1712(?▶ ScreenshotEvent#cdca 🏃) timed out after 15.0s
Traceback (most recent call last):
  File "C:\Users\a.varlamova\AppData\Local\Programs\Python\Python311\Lib\asyncio\tasks.py", line 500, in wait_for
    return fut.result()
           ^^^^^^^^^^^^
  File "D:\diplom\crowler\.venv\Lib\site-packages\browser_use\browser\watchdog_base.py", line 153, in unique_handler
    result = await actual_handler(event)
             ^^^^^^^^^^^^^^^^^^^^^^^^^^^
  File "D:\diplom\crowler\.venv\Lib\site-packages\browser_use\observability.py", line 73, in async_wrapper
    return await func(*args, **kwargs)
           ^^^^^^^^^^^^^^^^^^^^^^^^^^^
  File "D:\diplom\crowler\.venv\Lib\site-packages\browser_use\browser\watchdogs\screenshot_watchdog.py", line 78, in on_ScreenshotEvent
    result = await cdp_session.cdp_client.send.Page.captureScreenshot(params=params, session_id=cdp_session.session_id)
             ^^^^^^^^^^^^^^^^^^^^^^^^^^^^^^^^^^^^^^^^^^^^^^^^^^^^^^^^^^^^^^^^^^^^^^^^^^^^^^^^^^^^^^^^^^^^^^^^^^^^^^^^^^
  File "D:\diplom\crowler\.venv\Lib\site-packages\cdp_use\cdp\page\library.py", line 137, in captureScreenshot
    await self._client.send_raw(
  File "D:\diplom\crowler\.venv\Lib\site-packages\cdp_use\client.py", line 389, in send_raw
    return await future
           ^^^^^^^^^^^^
asyncio.exceptions.CancelledError

The above exception was the direct cause of the following exception:

Traceback (most recent call last):
  File "D:\diplom\crowler\.venv\Lib\site-packages\bubus\service.py", line 1128, in execute_handler
    result_value: Any = await asyncio.wait_for(handler_task, timeout=event_result.timeout)
                        ^^^^^^^^^^^^^^^^^^^^^^^^^^^^^^^^^^^^^^^^^^^^^^^^^^^^^^^^^^^^^^^^^^
  File "C:\Users\a.varlamova\AppData\Local\Programs\Python\Python311\Lib\asyncio\tasks.py", line 502, in wait_for
    raise exceptions.TimeoutError() from exc
TimeoutError

The above exception was the direct cause of the following exception:

Traceback (most recent call last):
  File "D:\diplom\crowler\.venv\Lib\site-packages\browser_use\utils.py", line 401, in wrapper
    result = await func(*args, **kwargs)
             ^^^^^^^^^^^^^^^^^^^^^^^^^^^
  File "D:\diplom\crowler\.venv\Lib\site-packages\browser_use\observability.py", line 73, in async_wrapper
    return await func(*args, **kwargs)
           ^^^^^^^^^^^^^^^^^^^^^^^^^^^
  File "D:\diplom\crowler\.venv\Lib\site-packages\browser_use\browser\watchdogs\dom_watchdog.py", line 700, in _capture_clean_screenshot
    screenshot_b64 = await screenshot_event.event_result(raise_if_any=True, raise_if_none=True)
                     ^^^^^^^^^^^^^^^^^^^^^^^^^^^^^^^^^^^^^^^^^^^^^^^^^^^^^^^^^^^^^^^^^^^^^^^^^^
  File "D:\diplom\crowler\.venv\Lib\site-packages\bubus\models.py", line 574, in event_result
    valid_results = await self.event_results_filtered(
                    ^^^^^^^^^^^^^^^^^^^^^^^^^^^^^^^^^^
  File "D:\diplom\crowler\.venv\Lib\site-packages\bubus\models.py", line 516, in event_results_filtered
    raise original_error
  File "D:\diplom\crowler\.venv\Lib\site-packages\bubus\models.py", line 490, in event_results_filtered
    await event_result
  File "D:\diplom\crowler\.venv\Lib\site-packages\bubus\models.py", line 889, in wait_for_handler_to_complete_and_return_result
    raise self.error if isinstance(self.error, BaseException) else Exception(self.error)  # pyright: ignore[reportUnnecessaryIsInstance]
    ^^^^^^^^^^^^^^^^^^^^^^^^^^^^^^^^^^^^^^^^^^^^^^^^^^^^^^^^^^^^^^^^^^^^^^^^^^^^^^^^^^^^
  File "D:\diplom\crowler\.venv\Lib\site-packages\bubus\service.py", line 1070, in _execute_handlers
    await self.execute_handler(event, handler, timeout=timeout)
  File "D:\diplom\crowler\.venv\Lib\site-packages\bubus\service.py", line 1194, in execute_handler
    raise handler_timeout_error from e
TimeoutError: Event handler browser_use.browser.watchdog_base.ScreenshotWatchdog.on_ScreenshotEvent#1712(?▶ ScreenshotEvent#cdca 🏃) timed out after 15.0s
2026-04-13 15:54:12 | ERROR    | browser_use.BrowserSession🅑 66fa 🅣 00 | ❌ Navigation failed: Event handler browser_use.browser.watchdog_base.BrowserSession.on_NavigateToUrlEvent#2736(?▶ NavigateToUrlEvent#849d 🏃) timed out after 30.0s and interrupted any processing of 1 child events
2026-04-13 15:54:54 | ERROR    | browser_use.BrowserSession🅑 bc41 🅣 BF | Exception in background task [capture_screenshot]: TimeoutError: Event handler browser_use.browser.watchdog_base.ScreenshotWatchdog.on_ScreenshotEvent#6800(?▶ ScreenshotEvent#2874 🏃) timed out after 15.0s
Traceback (most recent call last):
  File "C:\Users\a.varlamova\AppData\Local\Programs\Python\Python311\Lib\asyncio\tasks.py", line 500, in wait_for
    return fut.result()
           ^^^^^^^^^^^^
  File "D:\diplom\crowler\.venv\Lib\site-packages\browser_use\browser\watchdog_base.py", line 153, in unique_handler
    result = await actual_handler(event)
             ^^^^^^^^^^^^^^^^^^^^^^^^^^^
  File "D:\diplom\crowler\.venv\Lib\site-packages\browser_use\observability.py", line 73, in async_wrapper
    return await func(*args, **kwargs)
           ^^^^^^^^^^^^^^^^^^^^^^^^^^^
  File "D:\diplom\crowler\.venv\Lib\site-packages\browser_use\browser\watchdogs\screenshot_watchdog.py", line 78, in on_ScreenshotEvent
    result = await cdp_session.cdp_client.send.Page.captureScreenshot(params=params, session_id=cdp_session.session_id)
             ^^^^^^^^^^^^^^^^^^^^^^^^^^^^^^^^^^^^^^^^^^^^^^^^^^^^^^^^^^^^^^^^^^^^^^^^^^^^^^^^^^^^^^^^^^^^^^^^^^^^^^^^^^
  File "D:\diplom\crowler\.venv\Lib\site-packages\cdp_use\cdp\page\library.py", line 137, in captureScreenshot
    await self._client.send_raw(
  File "D:\diplom\crowler\.venv\Lib\site-packages\cdp_use\client.py", line 389, in send_raw
    return await future
           ^^^^^^^^^^^^
asyncio.exceptions.CancelledError

The above exception was the direct cause of the following exception:

Traceback (most recent call last):
  File "D:\diplom\crowler\.venv\Lib\site-packages\bubus\service.py", line 1128, in execute_handler
    result_value: Any = await asyncio.wait_for(handler_task, timeout=event_result.timeout)
                        ^^^^^^^^^^^^^^^^^^^^^^^^^^^^^^^^^^^^^^^^^^^^^^^^^^^^^^^^^^^^^^^^^^
  File "C:\Users\a.varlamova\AppData\Local\Programs\Python\Python311\Lib\asyncio\tasks.py", line 502, in wait_for
    raise exceptions.TimeoutError() from exc
TimeoutError

The above exception was the direct cause of the following exception:

Traceback (most recent call last):
  File "D:\diplom\crowler\.venv\Lib\site-packages\browser_use\utils.py", line 401, in wrapper
    result = await func(*args, **kwargs)
             ^^^^^^^^^^^^^^^^^^^^^^^^^^^
  File "D:\diplom\crowler\.venv\Lib\site-packages\browser_use\observability.py", line 73, in async_wrapper
    return await func(*args, **kwargs)
           ^^^^^^^^^^^^^^^^^^^^^^^^^^^
  File "D:\diplom\crowler\.venv\Lib\site-packages\browser_use\browser\watchdogs\dom_watchdog.py", line 700, in _capture_clean_screenshot
    screenshot_b64 = await screenshot_event.event_result(raise_if_any=True, raise_if_none=True)
                     ^^^^^^^^^^^^^^^^^^^^^^^^^^^^^^^^^^^^^^^^^^^^^^^^^^^^^^^^^^^^^^^^^^^^^^^^^^
  File "D:\diplom\crowler\.venv\Lib\site-packages\bubus\models.py", line 574, in event_result
    valid_results = await self.event_results_filtered(
                    ^^^^^^^^^^^^^^^^^^^^^^^^^^^^^^^^^^
  File "D:\diplom\crowler\.venv\Lib\site-packages\bubus\models.py", line 516, in event_results_filtered
    raise original_error
  File "D:\diplom\crowler\.venv\Lib\site-packages\bubus\models.py", line 490, in event_results_filtered
    await event_result
  File "D:\diplom\crowler\.venv\Lib\site-packages\bubus\models.py", line 889, in wait_for_handler_to_complete_and_return_result
    raise self.error if isinstance(self.error, BaseException) else Exception(self.error)  # pyright: ignore[reportUnnecessaryIsInstance]
    ^^^^^^^^^^^^^^^^^^^^^^^^^^^^^^^^^^^^^^^^^^^^^^^^^^^^^^^^^^^^^^^^^^^^^^^^^^^^^^^^^^^^
  File "D:\diplom\crowler\.venv\Lib\site-packages\bubus\service.py", line 1070, in _execute_handlers
    await self.execute_handler(event, handler, timeout=timeout)
  File "D:\diplom\crowler\.venv\Lib\site-packages\bubus\service.py", line 1194, in execute_handler
    raise handler_timeout_error from e
TimeoutError: Event handler browser_use.browser.watchdog_base.ScreenshotWatchdog.on_ScreenshotEvent#6800(?▶ ScreenshotEvent#2874 🏃) timed out after 15.0s
2026-04-13 16:02:17 | ERROR    | browser_use.BrowserSession🅑 d2dd 🅣 F1 | ❌ Navigation failed: Event handler browser_use.browser.watchdog_base.BrowserSession.on_NavigateToUrlEvent#4800(?▶ NavigateToUrlEvent#ac31 🏃) timed out after 30.0s and interrupted any processing of 1 child events
2026-04-13 16:03:04 | ERROR    | browser_use.BrowserSession🅑 8158 🅣 63 | Exception in background task [capture_screenshot]: TimeoutError: Event handler browser_use.browser.watchdog_base.ScreenshotWatchdog.on_ScreenshotEvent#3520(?▶ ScreenshotEvent#1332 🏃) timed out after 15.0s
Traceback (most recent call last):
  File "C:\Users\a.varlamova\AppData\Local\Programs\Python\Python311\Lib\asyncio\tasks.py", line 500, in wait_for
    return fut.result()
           ^^^^^^^^^^^^
  File "D:\diplom\crowler\.venv\Lib\site-packages\browser_use\browser\watchdog_base.py", line 153, in unique_handler
    result = await actual_handler(event)
             ^^^^^^^^^^^^^^^^^^^^^^^^^^^
  File "D:\diplom\crowler\.venv\Lib\site-packages\browser_use\observability.py", line 73, in async_wrapper
    return await func(*args, **kwargs)
           ^^^^^^^^^^^^^^^^^^^^^^^^^^^
  File "D:\diplom\crowler\.venv\Lib\site-packages\browser_use\browser\watchdogs\screenshot_watchdog.py", line 78, in on_ScreenshotEvent
    result = await cdp_session.cdp_client.send.Page.captureScreenshot(params=params, session_id=cdp_session.session_id)
             ^^^^^^^^^^^^^^^^^^^^^^^^^^^^^^^^^^^^^^^^^^^^^^^^^^^^^^^^^^^^^^^^^^^^^^^^^^^^^^^^^^^^^^^^^^^^^^^^^^^^^^^^^^
  File "D:\diplom\crowler\.venv\Lib\site-packages\cdp_use\cdp\page\library.py", line 137, in captureScreenshot
    await self._client.send_raw(
  File "D:\diplom\crowler\.venv\Lib\site-packages\cdp_use\client.py", line 389, in send_raw
    return await future
           ^^^^^^^^^^^^
asyncio.exceptions.CancelledError

The above exception was the direct cause of the following exception:

Traceback (most recent call last):
  File "D:\diplom\crowler\.venv\Lib\site-packages\bubus\service.py", line 1128, in execute_handler
    result_value: Any = await asyncio.wait_for(handler_task, timeout=event_result.timeout)
                        ^^^^^^^^^^^^^^^^^^^^^^^^^^^^^^^^^^^^^^^^^^^^^^^^^^^^^^^^^^^^^^^^^^
  File "C:\Users\a.varlamova\AppData\Local\Programs\Python\Python311\Lib\asyncio\tasks.py", line 502, in wait_for
    raise exceptions.TimeoutError() from exc
TimeoutError

The above exception was the direct cause of the following exception:

Traceback (most recent call last):
  File "D:\diplom\crowler\.venv\Lib\site-packages\browser_use\utils.py", line 401, in wrapper
    result = await func(*args, **kwargs)
             ^^^^^^^^^^^^^^^^^^^^^^^^^^^
  File "D:\diplom\crowler\.venv\Lib\site-packages\browser_use\observability.py", line 73, in async_wrapper
    return await func(*args, **kwargs)
           ^^^^^^^^^^^^^^^^^^^^^^^^^^^
  File "D:\diplom\crowler\.venv\Lib\site-packages\browser_use\browser\watchdogs\dom_watchdog.py", line 700, in _capture_clean_screenshot
    screenshot_b64 = await screenshot_event.event_result(raise_if_any=True, raise_if_none=True)
                     ^^^^^^^^^^^^^^^^^^^^^^^^^^^^^^^^^^^^^^^^^^^^^^^^^^^^^^^^^^^^^^^^^^^^^^^^^^
  File "D:\diplom\crowler\.venv\Lib\site-packages\bubus\models.py", line 574, in event_result
    valid_results = await self.event_results_filtered(
                    ^^^^^^^^^^^^^^^^^^^^^^^^^^^^^^^^^^
  File "D:\diplom\crowler\.venv\Lib\site-packages\bubus\models.py", line 516, in event_results_filtered
    raise original_error
  File "D:\diplom\crowler\.venv\Lib\site-packages\bubus\models.py", line 490, in event_results_filtered
    await event_result
  File "D:\diplom\crowler\.venv\Lib\site-packages\bubus\models.py", line 889, in wait_for_handler_to_complete_and_return_result
    raise self.error if isinstance(self.error, BaseException) else Exception(self.error)  # pyright: ignore[reportUnnecessaryIsInstance]
    ^^^^^^^^^^^^^^^^^^^^^^^^^^^^^^^^^^^^^^^^^^^^^^^^^^^^^^^^^^^^^^^^^^^^^^^^^^^^^^^^^^^^
  File "D:\diplom\crowler\.venv\Lib\site-packages\bubus\service.py", line 1070, in _execute_handlers
    await self.execute_handler(event, handler, timeout=timeout)
  File "D:\diplom\crowler\.venv\Lib\site-packages\bubus\service.py", line 1194, in execute_handler
    raise handler_timeout_error from e
TimeoutError: Event handler browser_use.browser.watchdog_base.ScreenshotWatchdog.on_ScreenshotEvent#3520(?▶ ScreenshotEvent#1332 🏃) timed out after 15.0s
2026-04-13 16:21:22 | ERROR    | browser_use.BrowserSession🅑 c7c2 🅣 2C | ❌ Navigation failed: Event handler browser_use.browser.watchdog_base.BrowserSession.on_NavigateToUrlEvent#1776(?▶ NavigateToUrlEvent#2053 🏃) timed out after 30.0s and interrupted any processing of 1 child events
2026-04-13 16:21:45 | ERROR    | browser_use.BrowserSession🅑 c7c2 🅣 2C | Exception in background task [capture_screenshot]: TimeoutError: Event handler browser_use.browser.watchdog_base.ScreenshotWatchdog.on_ScreenshotEvent#7632(?▶ ScreenshotEvent#5c23 🏃) timed out after 15.0s
Traceback (most recent call last):
  File "C:\Users\a.varlamova\AppData\Local\Programs\Python\Python311\Lib\asyncio\tasks.py", line 500, in wait_for
    return fut.result()
           ^^^^^^^^^^^^
  File "D:\diplom\crowler\.venv\Lib\site-packages\browser_use\browser\watchdog_base.py", line 153, in unique_handler
    result = await actual_handler(event)
             ^^^^^^^^^^^^^^^^^^^^^^^^^^^
  File "D:\diplom\crowler\.venv\Lib\site-packages\browser_use\observability.py", line 73, in async_wrapper
    return await func(*args, **kwargs)
           ^^^^^^^^^^^^^^^^^^^^^^^^^^^
  File "D:\diplom\crowler\.venv\Lib\site-packages\browser_use\browser\watchdogs\screenshot_watchdog.py", line 78, in on_ScreenshotEvent
    result = await cdp_session.cdp_client.send.Page.captureScreenshot(params=params, session_id=cdp_session.session_id)
             ^^^^^^^^^^^^^^^^^^^^^^^^^^^^^^^^^^^^^^^^^^^^^^^^^^^^^^^^^^^^^^^^^^^^^^^^^^^^^^^^^^^^^^^^^^^^^^^^^^^^^^^^^^
  File "D:\diplom\crowler\.venv\Lib\site-packages\cdp_use\cdp\page\library.py", line 137, in captureScreenshot
    await self._client.send_raw(
  File "D:\diplom\crowler\.venv\Lib\site-packages\cdp_use\client.py", line 389, in send_raw
    return await future
           ^^^^^^^^^^^^
asyncio.exceptions.CancelledError

The above exception was the direct cause of the following exception:

Traceback (most recent call last):
  File "D:\diplom\crowler\.venv\Lib\site-packages\bubus\service.py", line 1128, in execute_handler
    result_value: Any = await asyncio.wait_for(handler_task, timeout=event_result.timeout)
                        ^^^^^^^^^^^^^^^^^^^^^^^^^^^^^^^^^^^^^^^^^^^^^^^^^^^^^^^^^^^^^^^^^^
  File "C:\Users\a.varlamova\AppData\Local\Programs\Python\Python311\Lib\asyncio\tasks.py", line 502, in wait_for
    raise exceptions.TimeoutError() from exc
TimeoutError

The above exception was the direct cause of the following exception:

Traceback (most recent call last):
  File "D:\diplom\crowler\.venv\Lib\site-packages\browser_use\utils.py", line 401, in wrapper
    result = await func(*args, **kwargs)
             ^^^^^^^^^^^^^^^^^^^^^^^^^^^
  File "D:\diplom\crowler\.venv\Lib\site-packages\browser_use\observability.py", line 73, in async_wrapper
    return await func(*args, **kwargs)
           ^^^^^^^^^^^^^^^^^^^^^^^^^^^
  File "D:\diplom\crowler\.venv\Lib\site-packages\browser_use\browser\watchdogs\dom_watchdog.py", line 700, in _capture_clean_screenshot
    screenshot_b64 = await screenshot_event.event_result(raise_if_any=True, raise_if_none=True)
                     ^^^^^^^^^^^^^^^^^^^^^^^^^^^^^^^^^^^^^^^^^^^^^^^^^^^^^^^^^^^^^^^^^^^^^^^^^^
  File "D:\diplom\crowler\.venv\Lib\site-packages\bubus\models.py", line 574, in event_result
    valid_results = await self.event_results_filtered(
                    ^^^^^^^^^^^^^^^^^^^^^^^^^^^^^^^^^^
  File "D:\diplom\crowler\.venv\Lib\site-packages\bubus\models.py", line 516, in event_results_filtered
    raise original_error
  File "D:\diplom\crowler\.venv\Lib\site-packages\bubus\models.py", line 490, in event_results_filtered
    await event_result
  File "D:\diplom\crowler\.venv\Lib\site-packages\bubus\models.py", line 889, in wait_for_handler_to_complete_and_return_result
    raise self.error if isinstance(self.error, BaseException) else Exception(self.error)  # pyright: ignore[reportUnnecessaryIsInstance]
    ^^^^^^^^^^^^^^^^^^^^^^^^^^^^^^^^^^^^^^^^^^^^^^^^^^^^^^^^^^^^^^^^^^^^^^^^^^^^^^^^^^^^
  File "D:\diplom\crowler\.venv\Lib\site-packages\bubus\service.py", line 1070, in _execute_handlers
    await self.execute_handler(event, handler, timeout=timeout)
  File "D:\diplom\crowler\.venv\Lib\site-packages\bubus\service.py", line 1194, in execute_handler
    raise handler_timeout_error from e
TimeoutError: Event handler browser_use.browser.watchdog_base.ScreenshotWatchdog.on_ScreenshotEvent#7632(?▶ ScreenshotEvent#5c23 🏃) timed out after 15.0s
2026-04-13 16:22:18 | ERROR    | browser_use.BrowserSession🅑 c7c2 🅣 2C | Exception in background task [capture_screenshot]: TimeoutError: Event handler browser_use.browser.watchdog_base.ScreenshotWatchdog.on_ScreenshotEvent#7632(?▶ ScreenshotEvent#546d 🏃) timed out after 15.0s
Traceback (most recent call last):
  File "C:\Users\a.varlamova\AppData\Local\Programs\Python\Python311\Lib\asyncio\tasks.py", line 500, in wait_for
    return fut.result()
           ^^^^^^^^^^^^
  File "D:\diplom\crowler\.venv\Lib\site-packages\browser_use\browser\watchdog_base.py", line 153, in unique_handler
    result = await actual_handler(event)
             ^^^^^^^^^^^^^^^^^^^^^^^^^^^
  File "D:\diplom\crowler\.venv\Lib\site-packages\browser_use\observability.py", line 73, in async_wrapper
    return await func(*args, **kwargs)
           ^^^^^^^^^^^^^^^^^^^^^^^^^^^
  File "D:\diplom\crowler\.venv\Lib\site-packages\browser_use\browser\watchdogs\screenshot_watchdog.py", line 78, in on_ScreenshotEvent
    result = await cdp_session.cdp_client.send.Page.captureScreenshot(params=params, session_id=cdp_session.session_id)
             ^^^^^^^^^^^^^^^^^^^^^^^^^^^^^^^^^^^^^^^^^^^^^^^^^^^^^^^^^^^^^^^^^^^^^^^^^^^^^^^^^^^^^^^^^^^^^^^^^^^^^^^^^^
  File "D:\diplom\crowler\.venv\Lib\site-packages\cdp_use\cdp\page\library.py", line 137, in captureScreenshot
    await self._client.send_raw(
  File "D:\diplom\crowler\.venv\Lib\site-packages\cdp_use\client.py", line 389, in send_raw
    return await future
           ^^^^^^^^^^^^
asyncio.exceptions.CancelledError

The above exception was the direct cause of the following exception:

Traceback (most recent call last):
  File "D:\diplom\crowler\.venv\Lib\site-packages\bubus\service.py", line 1128, in execute_handler
    result_value: Any = await asyncio.wait_for(handler_task, timeout=event_result.timeout)
                        ^^^^^^^^^^^^^^^^^^^^^^^^^^^^^^^^^^^^^^^^^^^^^^^^^^^^^^^^^^^^^^^^^^
  File "C:\Users\a.varlamova\AppData\Local\Programs\Python\Python311\Lib\asyncio\tasks.py", line 502, in wait_for
    raise exceptions.TimeoutError() from exc
TimeoutError

The above exception was the direct cause of the following exception:

Traceback (most recent call last):
  File "D:\diplom\crowler\.venv\Lib\site-packages\browser_use\utils.py", line 401, in wrapper
    result = await func(*args, **kwargs)
             ^^^^^^^^^^^^^^^^^^^^^^^^^^^
  File "D:\diplom\crowler\.venv\Lib\site-packages\browser_use\observability.py", line 73, in async_wrapper
    return await func(*args, **kwargs)
           ^^^^^^^^^^^^^^^^^^^^^^^^^^^
  File "D:\diplom\crowler\.venv\Lib\site-packages\browser_use\browser\watchdogs\dom_watchdog.py", line 700, in _capture_clean_screenshot
    screenshot_b64 = await screenshot_event.event_result(raise_if_any=True, raise_if_none=True)
                     ^^^^^^^^^^^^^^^^^^^^^^^^^^^^^^^^^^^^^^^^^^^^^^^^^^^^^^^^^^^^^^^^^^^^^^^^^^
  File "D:\diplom\crowler\.venv\Lib\site-packages\bubus\models.py", line 574, in event_result
    valid_results = await self.event_results_filtered(
                    ^^^^^^^^^^^^^^^^^^^^^^^^^^^^^^^^^^
  File "D:\diplom\crowler\.venv\Lib\site-packages\bubus\models.py", line 516, in event_results_filtered
    raise original_error
  File "D:\diplom\crowler\.venv\Lib\site-packages\bubus\models.py", line 490, in event_results_filtered
    await event_result
  File "D:\diplom\crowler\.venv\Lib\site-packages\bubus\models.py", line 889, in wait_for_handler_to_complete_and_return_result
    raise self.error if isinstance(self.error, BaseException) else Exception(self.error)  # pyright: ignore[reportUnnecessaryIsInstance]
    ^^^^^^^^^^^^^^^^^^^^^^^^^^^^^^^^^^^^^^^^^^^^^^^^^^^^^^^^^^^^^^^^^^^^^^^^^^^^^^^^^^^^
  File "D:\diplom\crowler\.venv\Lib\site-packages\bubus\service.py", line 1070, in _execute_handlers
    await self.execute_handler(event, handler, timeout=timeout)
  File "D:\diplom\crowler\.venv\Lib\site-packages\bubus\service.py", line 1194, in execute_handler
    raise handler_timeout_error from e
TimeoutError: Event handler browser_use.browser.watchdog_base.ScreenshotWatchdog.on_ScreenshotEvent#7632(?▶ ScreenshotEvent#546d 🏃) timed out after 15.0s
2026-04-13 16:22:51 | ERROR    | browser_use.BrowserSession🅑 c7c2 🅣 2C | Exception in background task [capture_screenshot]: TimeoutError: Event handler browser_use.browser.watchdog_base.ScreenshotWatchdog.on_ScreenshotEvent#7632(?▶ ScreenshotEvent#0913 🏃) timed out after 15.0s
Traceback (most recent call last):
  File "C:\Users\a.varlamova\AppData\Local\Programs\Python\Python311\Lib\asyncio\tasks.py", line 500, in wait_for
    return fut.result()
           ^^^^^^^^^^^^
  File "D:\diplom\crowler\.venv\Lib\site-packages\browser_use\browser\watchdog_base.py", line 153, in unique_handler
    result = await actual_handler(event)
             ^^^^^^^^^^^^^^^^^^^^^^^^^^^
  File "D:\diplom\crowler\.venv\Lib\site-packages\browser_use\observability.py", line 73, in async_wrapper
    return await func(*args, **kwargs)
           ^^^^^^^^^^^^^^^^^^^^^^^^^^^
  File "D:\diplom\crowler\.venv\Lib\site-packages\browser_use\browser\watchdogs\screenshot_watchdog.py", line 78, in on_ScreenshotEvent
    result = await cdp_session.cdp_client.send.Page.captureScreenshot(params=params, session_id=cdp_session.session_id)
             ^^^^^^^^^^^^^^^^^^^^^^^^^^^^^^^^^^^^^^^^^^^^^^^^^^^^^^^^^^^^^^^^^^^^^^^^^^^^^^^^^^^^^^^^^^^^^^^^^^^^^^^^^^
  File "D:\diplom\crowler\.venv\Lib\site-packages\cdp_use\cdp\page\library.py", line 137, in captureScreenshot
    await self._client.send_raw(
  File "D:\diplom\crowler\.venv\Lib\site-packages\cdp_use\client.py", line 389, in send_raw
    return await future
           ^^^^^^^^^^^^
asyncio.exceptions.CancelledError

The above exception was the direct cause of the following exception:

Traceback (most recent call last):
  File "D:\diplom\crowler\.venv\Lib\site-packages\bubus\service.py", line 1128, in execute_handler
    result_value: Any = await asyncio.wait_for(handler_task, timeout=event_result.timeout)
                        ^^^^^^^^^^^^^^^^^^^^^^^^^^^^^^^^^^^^^^^^^^^^^^^^^^^^^^^^^^^^^^^^^^
  File "C:\Users\a.varlamova\AppData\Local\Programs\Python\Python311\Lib\asyncio\tasks.py", line 502, in wait_for
    raise exceptions.TimeoutError() from exc
TimeoutError

The above exception was the direct cause of the following exception:

Traceback (most recent call last):
  File "D:\diplom\crowler\.venv\Lib\site-packages\browser_use\utils.py", line 401, in wrapper
    result = await func(*args, **kwargs)
             ^^^^^^^^^^^^^^^^^^^^^^^^^^^
  File "D:\diplom\crowler\.venv\Lib\site-packages\browser_use\observability.py", line 73, in async_wrapper
    return await func(*args, **kwargs)
           ^^^^^^^^^^^^^^^^^^^^^^^^^^^
  File "D:\diplom\crowler\.venv\Lib\site-packages\browser_use\browser\watchdogs\dom_watchdog.py", line 700, in _capture_clean_screenshot
    screenshot_b64 = await screenshot_event.event_result(raise_if_any=True, raise_if_none=True)
                     ^^^^^^^^^^^^^^^^^^^^^^^^^^^^^^^^^^^^^^^^^^^^^^^^^^^^^^^^^^^^^^^^^^^^^^^^^^
  File "D:\diplom\crowler\.venv\Lib\site-packages\bubus\models.py", line 574, in event_result
    valid_results = await self.event_results_filtered(
                    ^^^^^^^^^^^^^^^^^^^^^^^^^^^^^^^^^^
  File "D:\diplom\crowler\.venv\Lib\site-packages\bubus\models.py", line 516, in event_results_filtered
    raise original_error
  File "D:\diplom\crowler\.venv\Lib\site-packages\bubus\models.py", line 490, in event_results_filtered
    await event_result
  File "D:\diplom\crowler\.venv\Lib\site-packages\bubus\models.py", line 889, in wait_for_handler_to_complete_and_return_result
    raise self.error if isinstance(self.error, BaseException) else Exception(self.error)  # pyright: ignore[reportUnnecessaryIsInstance]
    ^^^^^^^^^^^^^^^^^^^^^^^^^^^^^^^^^^^^^^^^^^^^^^^^^^^^^^^^^^^^^^^^^^^^^^^^^^^^^^^^^^^^
  File "D:\diplom\crowler\.venv\Lib\site-packages\bubus\service.py", line 1070, in _execute_handlers
    await self.execute_handler(event, handler, timeout=timeout)
  File "D:\diplom\crowler\.venv\Lib\site-packages\bubus\service.py", line 1194, in execute_handler
    raise handler_timeout_error from e
TimeoutError: Event handler browser_use.browser.watchdog_base.ScreenshotWatchdog.on_ScreenshotEvent#7632(?▶ ScreenshotEvent#0913 🏃) timed out after 15.0s
2026-04-13 16:22:52 | ERROR    | browser_use.Agent🅰 1948 ⇢ 🅑 c7c2 🅣 2C | ❌ Result failed 3/3 times: 
2026-04-13 16:22:52 | ERROR    | browser_use.Agent🅰 1948 ⇢ 🅑 c7c2 🅣 2C | ❌ Stopping due to 2 consecutive failures
2026-04-13 16:23:38 | ERROR    | browser_use.BrowserSession🅑 2ee1 🅣 C2 | ❌ Navigation failed: Event handler browser_use.browser.watchdog_base.BrowserSession.on_NavigateToUrlEvent#1936(?▶ NavigateToUrlEvent#fc9e 🏃) timed out after 30.0s and interrupted any processing of 1 child events
2026-04-13 16:33:18 | ERROR    | browser_use.BrowserSession🅑 4498 🅣 E7 | Exception in background task [capture_screenshot]: TimeoutError: Event handler browser_use.browser.watchdog_base.ScreenshotWatchdog.on_ScreenshotEvent#1872(?▶ ScreenshotEvent#1611 🏃) timed out after 15.0s
Traceback (most recent call last):
  File "C:\Users\a.varlamova\AppData\Local\Programs\Python\Python311\Lib\asyncio\tasks.py", line 500, in wait_for
    return fut.result()
           ^^^^^^^^^^^^
  File "D:\diplom\crowler\.venv\Lib\site-packages\browser_use\browser\watchdog_base.py", line 153, in unique_handler
    result = await actual_handler(event)
             ^^^^^^^^^^^^^^^^^^^^^^^^^^^
  File "D:\diplom\crowler\.venv\Lib\site-packages\browser_use\observability.py", line 73, in async_wrapper
    return await func(*args, **kwargs)
           ^^^^^^^^^^^^^^^^^^^^^^^^^^^
  File "D:\diplom\crowler\.venv\Lib\site-packages\browser_use\browser\watchdogs\screenshot_watchdog.py", line 78, in on_ScreenshotEvent
    result = await cdp_session.cdp_client.send.Page.captureScreenshot(params=params, session_id=cdp_session.session_id)
             ^^^^^^^^^^^^^^^^^^^^^^^^^^^^^^^^^^^^^^^^^^^^^^^^^^^^^^^^^^^^^^^^^^^^^^^^^^^^^^^^^^^^^^^^^^^^^^^^^^^^^^^^^^
  File "D:\diplom\crowler\.venv\Lib\site-packages\cdp_use\cdp\page\library.py", line 137, in captureScreenshot
    await self._client.send_raw(
  File "D:\diplom\crowler\.venv\Lib\site-packages\cdp_use\client.py", line 389, in send_raw
    return await future
           ^^^^^^^^^^^^
asyncio.exceptions.CancelledError

The above exception was the direct cause of the following exception:

Traceback (most recent call last):
  File "D:\diplom\crowler\.venv\Lib\site-packages\bubus\service.py", line 1128, in execute_handler
    result_value: Any = await asyncio.wait_for(handler_task, timeout=event_result.timeout)
                        ^^^^^^^^^^^^^^^^^^^^^^^^^^^^^^^^^^^^^^^^^^^^^^^^^^^^^^^^^^^^^^^^^^
  File "C:\Users\a.varlamova\AppData\Local\Programs\Python\Python311\Lib\asyncio\tasks.py", line 502, in wait_for
    raise exceptions.TimeoutError() from exc
TimeoutError

The above exception was the direct cause of the following exception:

Traceback (most recent call last):
  File "D:\diplom\crowler\.venv\Lib\site-packages\browser_use\utils.py", line 401, in wrapper
    result = await func(*args, **kwargs)
             ^^^^^^^^^^^^^^^^^^^^^^^^^^^
  File "D:\diplom\crowler\.venv\Lib\site-packages\browser_use\observability.py", line 73, in async_wrapper
    return await func(*args, **kwargs)
           ^^^^^^^^^^^^^^^^^^^^^^^^^^^
  File "D:\diplom\crowler\.venv\Lib\site-packages\browser_use\browser\watchdogs\dom_watchdog.py", line 700, in _capture_clean_screenshot
    screenshot_b64 = await screenshot_event.event_result(raise_if_any=True, raise_if_none=True)
                     ^^^^^^^^^^^^^^^^^^^^^^^^^^^^^^^^^^^^^^^^^^^^^^^^^^^^^^^^^^^^^^^^^^^^^^^^^^
  File "D:\diplom\crowler\.venv\Lib\site-packages\bubus\models.py", line 574, in event_result
    valid_results = await self.event_results_filtered(
                    ^^^^^^^^^^^^^^^^^^^^^^^^^^^^^^^^^^
  File "D:\diplom\crowler\.venv\Lib\site-packages\bubus\models.py", line 516, in event_results_filtered
    raise original_error
  File "D:\diplom\crowler\.venv\Lib\site-packages\bubus\models.py", line 490, in event_results_filtered
    await event_result
  File "D:\diplom\crowler\.venv\Lib\site-packages\bubus\models.py", line 889, in wait_for_handler_to_complete_and_return_result
    raise self.error if isinstance(self.error, BaseException) else Exception(self.error)  # pyright: ignore[reportUnnecessaryIsInstance]
    ^^^^^^^^^^^^^^^^^^^^^^^^^^^^^^^^^^^^^^^^^^^^^^^^^^^^^^^^^^^^^^^^^^^^^^^^^^^^^^^^^^^^
  File "D:\diplom\crowler\.venv\Lib\site-packages\bubus\service.py", line 1070, in _execute_handlers
    await self.execute_handler(event, handler, timeout=timeout)
  File "D:\diplom\crowler\.venv\Lib\site-packages\bubus\service.py", line 1194, in execute_handler
    raise handler_timeout_error from e
TimeoutError: Event handler browser_use.browser.watchdog_base.ScreenshotWatchdog.on_ScreenshotEvent#1872(?▶ ScreenshotEvent#1611 🏃) timed out after 15.0s
2026-04-13 16:37:00 | ERROR    | browser_use.BrowserSession🅑 e334 🅣 AD | Exception in background task [capture_screenshot]: TimeoutError: Event handler browser_use.browser.watchdog_base.ScreenshotWatchdog.on_ScreenshotEvent#2896(?▶ ScreenshotEvent#833f 🏃) timed out after 15.0s
Traceback (most recent call last):
  File "C:\Users\a.varlamova\AppData\Local\Programs\Python\Python311\Lib\asyncio\tasks.py", line 500, in wait_for
    return fut.result()
           ^^^^^^^^^^^^
  File "D:\diplom\crowler\.venv\Lib\site-packages\browser_use\browser\watchdog_base.py", line 153, in unique_handler
    result = await actual_handler(event)
             ^^^^^^^^^^^^^^^^^^^^^^^^^^^
  File "D:\diplom\crowler\.venv\Lib\site-packages\browser_use\observability.py", line 73, in async_wrapper
    return await func(*args, **kwargs)
           ^^^^^^^^^^^^^^^^^^^^^^^^^^^
  File "D:\diplom\crowler\.venv\Lib\site-packages\browser_use\browser\watchdogs\screenshot_watchdog.py", line 78, in on_ScreenshotEvent
    result = await cdp_session.cdp_client.send.Page.captureScreenshot(params=params, session_id=cdp_session.session_id)
             ^^^^^^^^^^^^^^^^^^^^^^^^^^^^^^^^^^^^^^^^^^^^^^^^^^^^^^^^^^^^^^^^^^^^^^^^^^^^^^^^^^^^^^^^^^^^^^^^^^^^^^^^^^
  File "D:\diplom\crowler\.venv\Lib\site-packages\cdp_use\cdp\page\library.py", line 137, in captureScreenshot
    await self._client.send_raw(
  File "D:\diplom\crowler\.venv\Lib\site-packages\cdp_use\client.py", line 389, in send_raw
    return await future
           ^^^^^^^^^^^^
asyncio.exceptions.CancelledError

The above exception was the direct cause of the following exception:

Traceback (most recent call last):
  File "D:\diplom\crowler\.venv\Lib\site-packages\bubus\service.py", line 1128, in execute_handler
    result_value: Any = await asyncio.wait_for(handler_task, timeout=event_result.timeout)
                        ^^^^^^^^^^^^^^^^^^^^^^^^^^^^^^^^^^^^^^^^^^^^^^^^^^^^^^^^^^^^^^^^^^
  File "C:\Users\a.varlamova\AppData\Local\Programs\Python\Python311\Lib\asyncio\tasks.py", line 502, in wait_for
    raise exceptions.TimeoutError() from exc
TimeoutError

The above exception was the direct cause of the following exception:

Traceback (most recent call last):
  File "D:\diplom\crowler\.venv\Lib\site-packages\browser_use\utils.py", line 401, in wrapper
    result = await func(*args, **kwargs)
             ^^^^^^^^^^^^^^^^^^^^^^^^^^^
  File "D:\diplom\crowler\.venv\Lib\site-packages\browser_use\observability.py", line 73, in async_wrapper
    return await func(*args, **kwargs)
           ^^^^^^^^^^^^^^^^^^^^^^^^^^^
  File "D:\diplom\crowler\.venv\Lib\site-packages\browser_use\browser\watchdogs\dom_watchdog.py", line 700, in _capture_clean_screenshot
    screenshot_b64 = await screenshot_event.event_result(raise_if_any=True, raise_if_none=True)
                     ^^^^^^^^^^^^^^^^^^^^^^^^^^^^^^^^^^^^^^^^^^^^^^^^^^^^^^^^^^^^^^^^^^^^^^^^^^
  File "D:\diplom\crowler\.venv\Lib\site-packages\bubus\models.py", line 574, in event_result
    valid_results = await self.event_results_filtered(
                    ^^^^^^^^^^^^^^^^^^^^^^^^^^^^^^^^^^
  File "D:\diplom\crowler\.venv\Lib\site-packages\bubus\models.py", line 516, in event_results_filtered
    raise original_error
  File "D:\diplom\crowler\.venv\Lib\site-packages\bubus\models.py", line 490, in event_results_filtered
    await event_result
  File "D:\diplom\crowler\.venv\Lib\site-packages\bubus\models.py", line 889, in wait_for_handler_to_complete_and_return_result
    raise self.error if isinstance(self.error, BaseException) else Exception(self.error)  # pyright: ignore[reportUnnecessaryIsInstance]
    ^^^^^^^^^^^^^^^^^^^^^^^^^^^^^^^^^^^^^^^^^^^^^^^^^^^^^^^^^^^^^^^^^^^^^^^^^^^^^^^^^^^^
  File "D:\diplom\crowler\.venv\Lib\site-packages\bubus\service.py", line 1070, in _execute_handlers
    await self.execute_handler(event, handler, timeout=timeout)
  File "D:\diplom\crowler\.venv\Lib\site-packages\bubus\service.py", line 1194, in execute_handler
    raise handler_timeout_error from e
TimeoutError: Event handler browser_use.browser.watchdog_base.ScreenshotWatchdog.on_ScreenshotEvent#2896(?▶ ScreenshotEvent#833f 🏃) timed out after 15.0s
2026-04-13 16:46:44 | ERROR    | browser_use.BrowserSession🅑 ff93 🅣 24 | Exception in background task [capture_screenshot]: TimeoutError: Event handler browser_use.browser.watchdog_base.ScreenshotWatchdog.on_ScreenshotEvent#3792(?▶ ScreenshotEvent#e209 🏃) timed out after 15.0s
Traceback (most recent call last):
  File "C:\Users\a.varlamova\AppData\Local\Programs\Python\Python311\Lib\asyncio\tasks.py", line 500, in wait_for
    return fut.result()
           ^^^^^^^^^^^^
  File "D:\diplom\crowler\.venv\Lib\site-packages\browser_use\browser\watchdog_base.py", line 153, in unique_handler
    result = await actual_handler(event)
             ^^^^^^^^^^^^^^^^^^^^^^^^^^^
  File "D:\diplom\crowler\.venv\Lib\site-packages\browser_use\observability.py", line 73, in async_wrapper
    return await func(*args, **kwargs)
           ^^^^^^^^^^^^^^^^^^^^^^^^^^^
  File "D:\diplom\crowler\.venv\Lib\site-packages\browser_use\browser\watchdogs\screenshot_watchdog.py", line 78, in on_ScreenshotEvent
    result = await cdp_session.cdp_client.send.Page.captureScreenshot(params=params, session_id=cdp_session.session_id)
             ^^^^^^^^^^^^^^^^^^^^^^^^^^^^^^^^^^^^^^^^^^^^^^^^^^^^^^^^^^^^^^^^^^^^^^^^^^^^^^^^^^^^^^^^^^^^^^^^^^^^^^^^^^
  File "D:\diplom\crowler\.venv\Lib\site-packages\cdp_use\cdp\page\library.py", line 137, in captureScreenshot
    await self._client.send_raw(
  File "D:\diplom\crowler\.venv\Lib\site-packages\cdp_use\client.py", line 389, in send_raw
    return await future
           ^^^^^^^^^^^^
asyncio.exceptions.CancelledError

The above exception was the direct cause of the following exception:

Traceback (most recent call last):
  File "D:\diplom\crowler\.venv\Lib\site-packages\bubus\service.py", line 1128, in execute_handler
    result_value: Any = await asyncio.wait_for(handler_task, timeout=event_result.timeout)
                        ^^^^^^^^^^^^^^^^^^^^^^^^^^^^^^^^^^^^^^^^^^^^^^^^^^^^^^^^^^^^^^^^^^
  File "C:\Users\a.varlamova\AppData\Local\Programs\Python\Python311\Lib\asyncio\tasks.py", line 502, in wait_for
    raise exceptions.TimeoutError() from exc
TimeoutError

The above exception was the direct cause of the following exception:

Traceback (most recent call last):
  File "D:\diplom\crowler\.venv\Lib\site-packages\browser_use\utils.py", line 401, in wrapper
    result = await func(*args, **kwargs)
             ^^^^^^^^^^^^^^^^^^^^^^^^^^^
  File "D:\diplom\crowler\.venv\Lib\site-packages\browser_use\observability.py", line 73, in async_wrapper
    return await func(*args, **kwargs)
           ^^^^^^^^^^^^^^^^^^^^^^^^^^^
  File "D:\diplom\crowler\.venv\Lib\site-packages\browser_use\browser\watchdogs\dom_watchdog.py", line 700, in _capture_clean_screenshot
    screenshot_b64 = await screenshot_event.event_result(raise_if_any=True, raise_if_none=True)
                     ^^^^^^^^^^^^^^^^^^^^^^^^^^^^^^^^^^^^^^^^^^^^^^^^^^^^^^^^^^^^^^^^^^^^^^^^^^
  File "D:\diplom\crowler\.venv\Lib\site-packages\bubus\models.py", line 574, in event_result
    valid_results = await self.event_results_filtered(
                    ^^^^^^^^^^^^^^^^^^^^^^^^^^^^^^^^^^
  File "D:\diplom\crowler\.venv\Lib\site-packages\bubus\models.py", line 516, in event_results_filtered
    raise original_error
  File "D:\diplom\crowler\.venv\Lib\site-packages\bubus\models.py", line 490, in event_results_filtered
    await event_result
  File "D:\diplom\crowler\.venv\Lib\site-packages\bubus\models.py", line 889, in wait_for_handler_to_complete_and_return_result
    raise self.error if isinstance(self.error, BaseException) else Exception(self.error)  # pyright: ignore[reportUnnecessaryIsInstance]
    ^^^^^^^^^^^^^^^^^^^^^^^^^^^^^^^^^^^^^^^^^^^^^^^^^^^^^^^^^^^^^^^^^^^^^^^^^^^^^^^^^^^^
  File "D:\diplom\crowler\.venv\Lib\site-packages\bubus\service.py", line 1070, in _execute_handlers
    await self.execute_handler(event, handler, timeout=timeout)
  File "D:\diplom\crowler\.venv\Lib\site-packages\bubus\service.py", line 1194, in execute_handler
    raise handler_timeout_error from e
TimeoutError: Event handler browser_use.browser.watchdog_base.ScreenshotWatchdog.on_ScreenshotEvent#3792(?▶ ScreenshotEvent#e209 🏃) timed out after 15.0s
2026-04-13 16:56:45 | ERROR    | browser_use.BrowserSession🅑 9eea 🅣 53 | Exception in background task [capture_screenshot]: TimeoutError: Event handler browser_use.browser.watchdog_base.ScreenshotWatchdog.on_ScreenshotEvent#6880(?▶ ScreenshotEvent#b677 🏃) timed out after 15.0s
Traceback (most recent call last):
  File "C:\Users\a.varlamova\AppData\Local\Programs\Python\Python311\Lib\asyncio\tasks.py", line 500, in wait_for
    return fut.result()
           ^^^^^^^^^^^^
  File "D:\diplom\crowler\.venv\Lib\site-packages\browser_use\browser\watchdog_base.py", line 153, in unique_handler
    result = await actual_handler(event)
             ^^^^^^^^^^^^^^^^^^^^^^^^^^^
  File "D:\diplom\crowler\.venv\Lib\site-packages\browser_use\observability.py", line 73, in async_wrapper
    return await func(*args, **kwargs)
           ^^^^^^^^^^^^^^^^^^^^^^^^^^^
  File "D:\diplom\crowler\.venv\Lib\site-packages\browser_use\browser\watchdogs\screenshot_watchdog.py", line 78, in on_ScreenshotEvent
    result = await cdp_session.cdp_client.send.Page.captureScreenshot(params=params, session_id=cdp_session.session_id)
             ^^^^^^^^^^^^^^^^^^^^^^^^^^^^^^^^^^^^^^^^^^^^^^^^^^^^^^^^^^^^^^^^^^^^^^^^^^^^^^^^^^^^^^^^^^^^^^^^^^^^^^^^^^
  File "D:\diplom\crowler\.venv\Lib\site-packages\cdp_use\cdp\page\library.py", line 137, in captureScreenshot
    await self._client.send_raw(
  File "D:\diplom\crowler\.venv\Lib\site-packages\cdp_use\client.py", line 389, in send_raw
    return await future
           ^^^^^^^^^^^^
asyncio.exceptions.CancelledError

The above exception was the direct cause of the following exception:

Traceback (most recent call last):
  File "D:\diplom\crowler\.venv\Lib\site-packages\bubus\service.py", line 1128, in execute_handler
    result_value: Any = await asyncio.wait_for(handler_task, timeout=event_result.timeout)
                        ^^^^^^^^^^^^^^^^^^^^^^^^^^^^^^^^^^^^^^^^^^^^^^^^^^^^^^^^^^^^^^^^^^
  File "C:\Users\a.varlamova\AppData\Local\Programs\Python\Python311\Lib\asyncio\tasks.py", line 502, in wait_for
    raise exceptions.TimeoutError() from exc
TimeoutError

The above exception was the direct cause of the following exception:

Traceback (most recent call last):
  File "D:\diplom\crowler\.venv\Lib\site-packages\browser_use\utils.py", line 401, in wrapper
    result = await func(*args, **kwargs)
             ^^^^^^^^^^^^^^^^^^^^^^^^^^^
  File "D:\diplom\crowler\.venv\Lib\site-packages\browser_use\observability.py", line 73, in async_wrapper
    return await func(*args, **kwargs)
           ^^^^^^^^^^^^^^^^^^^^^^^^^^^
  File "D:\diplom\crowler\.venv\Lib\site-packages\browser_use\browser\watchdogs\dom_watchdog.py", line 700, in _capture_clean_screenshot
    screenshot_b64 = await screenshot_event.event_result(raise_if_any=True, raise_if_none=True)
                     ^^^^^^^^^^^^^^^^^^^^^^^^^^^^^^^^^^^^^^^^^^^^^^^^^^^^^^^^^^^^^^^^^^^^^^^^^^
  File "D:\diplom\crowler\.venv\Lib\site-packages\bubus\models.py", line 574, in event_result
    valid_results = await self.event_results_filtered(
                    ^^^^^^^^^^^^^^^^^^^^^^^^^^^^^^^^^^
  File "D:\diplom\crowler\.venv\Lib\site-packages\bubus\models.py", line 516, in event_results_filtered
    raise original_error
  File "D:\diplom\crowler\.venv\Lib\site-packages\bubus\models.py", line 490, in event_results_filtered
    await event_result
  File "D:\diplom\crowler\.venv\Lib\site-packages\bubus\models.py", line 889, in wait_for_handler_to_complete_and_return_result
    raise self.error if isinstance(self.error, BaseException) else Exception(self.error)  # pyright: ignore[reportUnnecessaryIsInstance]
    ^^^^^^^^^^^^^^^^^^^^^^^^^^^^^^^^^^^^^^^^^^^^^^^^^^^^^^^^^^^^^^^^^^^^^^^^^^^^^^^^^^^^
  File "D:\diplom\crowler\.venv\Lib\site-packages\bubus\service.py", line 1070, in _execute_handlers
    await self.execute_handler(event, handler, timeout=timeout)
  File "D:\diplom\crowler\.venv\Lib\site-packages\bubus\service.py", line 1194, in execute_handler
    raise handler_timeout_error from e
TimeoutError: Event handler browser_use.browser.watchdog_base.ScreenshotWatchdog.on_ScreenshotEvent#6880(?▶ ScreenshotEvent#b677 🏃) timed out after 15.0s
2026-04-13 17:47:59 | ERROR    | browser_use.BrowserSession🅑 4ff2 🅣 C2 | Exception in background task [capture_screenshot]: TimeoutError: Event handler browser_use.browser.watchdog_base.ScreenshotWatchdog.on_ScreenshotEvent#8608(?▶ ScreenshotEvent#fe45 🏃) timed out after 15.0s
Traceback (most recent call last):
  File "C:\Users\a.varlamova\AppData\Local\Programs\Python\Python311\Lib\asyncio\tasks.py", line 500, in wait_for
    return fut.result()
           ^^^^^^^^^^^^
  File "D:\diplom\crowler\.venv\Lib\site-packages\browser_use\browser\watchdog_base.py", line 153, in unique_handler
    result = await actual_handler(event)
             ^^^^^^^^^^^^^^^^^^^^^^^^^^^
  File "D:\diplom\crowler\.venv\Lib\site-packages\browser_use\observability.py", line 73, in async_wrapper
    return await func(*args, **kwargs)
           ^^^^^^^^^^^^^^^^^^^^^^^^^^^
  File "D:\diplom\crowler\.venv\Lib\site-packages\browser_use\browser\watchdogs\screenshot_watchdog.py", line 78, in on_ScreenshotEvent
    result = await cdp_session.cdp_client.send.Page.captureScreenshot(params=params, session_id=cdp_session.session_id)
             ^^^^^^^^^^^^^^^^^^^^^^^^^^^^^^^^^^^^^^^^^^^^^^^^^^^^^^^^^^^^^^^^^^^^^^^^^^^^^^^^^^^^^^^^^^^^^^^^^^^^^^^^^^
  File "D:\diplom\crowler\.venv\Lib\site-packages\cdp_use\cdp\page\library.py", line 137, in captureScreenshot
    await self._client.send_raw(
  File "D:\diplom\crowler\.venv\Lib\site-packages\cdp_use\client.py", line 389, in send_raw
    return await future
           ^^^^^^^^^^^^
asyncio.exceptions.CancelledError

The above exception was the direct cause of the following exception:

Traceback (most recent call last):
  File "D:\diplom\crowler\.venv\Lib\site-packages\bubus\service.py", line 1128, in execute_handler
    result_value: Any = await asyncio.wait_for(handler_task, timeout=event_result.timeout)
                        ^^^^^^^^^^^^^^^^^^^^^^^^^^^^^^^^^^^^^^^^^^^^^^^^^^^^^^^^^^^^^^^^^^
  File "C:\Users\a.varlamova\AppData\Local\Programs\Python\Python311\Lib\asyncio\tasks.py", line 502, in wait_for
    raise exceptions.TimeoutError() from exc
TimeoutError

The above exception was the direct cause of the following exception:

Traceback (most recent call last):
  File "D:\diplom\crowler\.venv\Lib\site-packages\browser_use\utils.py", line 401, in wrapper
    result = await func(*args, **kwargs)
             ^^^^^^^^^^^^^^^^^^^^^^^^^^^
  File "D:\diplom\crowler\.venv\Lib\site-packages\browser_use\observability.py", line 73, in async_wrapper
    return await func(*args, **kwargs)
           ^^^^^^^^^^^^^^^^^^^^^^^^^^^
  File "D:\diplom\crowler\.venv\Lib\site-packages\browser_use\browser\watchdogs\dom_watchdog.py", line 700, in _capture_clean_screenshot
    screenshot_b64 = await screenshot_event.event_result(raise_if_any=True, raise_if_none=True)
                     ^^^^^^^^^^^^^^^^^^^^^^^^^^^^^^^^^^^^^^^^^^^^^^^^^^^^^^^^^^^^^^^^^^^^^^^^^^
  File "D:\diplom\crowler\.venv\Lib\site-packages\bubus\models.py", line 574, in event_result
    valid_results = await self.event_results_filtered(
                    ^^^^^^^^^^^^^^^^^^^^^^^^^^^^^^^^^^
  File "D:\diplom\crowler\.venv\Lib\site-packages\bubus\models.py", line 516, in event_results_filtered
    raise original_error
  File "D:\diplom\crowler\.venv\Lib\site-packages\bubus\models.py", line 490, in event_results_filtered
    await event_result
  File "D:\diplom\crowler\.venv\Lib\site-packages\bubus\models.py", line 889, in wait_for_handler_to_complete_and_return_result
    raise self.error if isinstance(self.error, BaseException) else Exception(self.error)  # pyright: ignore[reportUnnecessaryIsInstance]
    ^^^^^^^^^^^^^^^^^^^^^^^^^^^^^^^^^^^^^^^^^^^^^^^^^^^^^^^^^^^^^^^^^^^^^^^^^^^^^^^^^^^^
  File "D:\diplom\crowler\.venv\Lib\site-packages\bubus\service.py", line 1070, in _execute_handlers
    await self.execute_handler(event, handler, timeout=timeout)
  File "D:\diplom\crowler\.venv\Lib\site-packages\bubus\service.py", line 1194, in execute_handler
    raise handler_timeout_error from e
TimeoutError: Event handler browser_use.browser.watchdog_base.ScreenshotWatchdog.on_ScreenshotEvent#8608(?▶ ScreenshotEvent#fe45 🏃) timed out after 15.0s
2026-04-13 18:09:26 | ERROR    | browser_use.BrowserSession🅑 5f72 🅣 8D | Exception in background task [capture_screenshot]: TimeoutError: Event handler browser_use.browser.watchdog_base.ScreenshotWatchdog.on_ScreenshotEvent#8752(?▶ ScreenshotEvent#1135 🏃) timed out after 15.0s
Traceback (most recent call last):
  File "C:\Users\a.varlamova\AppData\Local\Programs\Python\Python311\Lib\asyncio\tasks.py", line 500, in wait_for
    return fut.result()
           ^^^^^^^^^^^^
  File "D:\diplom\crowler\.venv\Lib\site-packages\browser_use\browser\watchdog_base.py", line 153, in unique_handler
    result = await actual_handler(event)
             ^^^^^^^^^^^^^^^^^^^^^^^^^^^
  File "D:\diplom\crowler\.venv\Lib\site-packages\browser_use\observability.py", line 73, in async_wrapper
    return await func(*args, **kwargs)
           ^^^^^^^^^^^^^^^^^^^^^^^^^^^
  File "D:\diplom\crowler\.venv\Lib\site-packages\browser_use\browser\watchdogs\screenshot_watchdog.py", line 78, in on_ScreenshotEvent
    result = await cdp_session.cdp_client.send.Page.captureScreenshot(params=params, session_id=cdp_session.session_id)
             ^^^^^^^^^^^^^^^^^^^^^^^^^^^^^^^^^^^^^^^^^^^^^^^^^^^^^^^^^^^^^^^^^^^^^^^^^^^^^^^^^^^^^^^^^^^^^^^^^^^^^^^^^^
  File "D:\diplom\crowler\.venv\Lib\site-packages\cdp_use\cdp\page\library.py", line 137, in captureScreenshot
    await self._client.send_raw(
  File "D:\diplom\crowler\.venv\Lib\site-packages\cdp_use\client.py", line 389, in send_raw
    return await future
           ^^^^^^^^^^^^
asyncio.exceptions.CancelledError

The above exception was the direct cause of the following exception:

Traceback (most recent call last):
  File "D:\diplom\crowler\.venv\Lib\site-packages\bubus\service.py", line 1128, in execute_handler
    result_value: Any = await asyncio.wait_for(handler_task, timeout=event_result.timeout)
                        ^^^^^^^^^^^^^^^^^^^^^^^^^^^^^^^^^^^^^^^^^^^^^^^^^^^^^^^^^^^^^^^^^^
  File "C:\Users\a.varlamova\AppData\Local\Programs\Python\Python311\Lib\asyncio\tasks.py", line 502, in wait_for
    raise exceptions.TimeoutError() from exc
TimeoutError

The above exception was the direct cause of the following exception:

Traceback (most recent call last):
  File "D:\diplom\crowler\.venv\Lib\site-packages\browser_use\utils.py", line 401, in wrapper
    result = await func(*args, **kwargs)
             ^^^^^^^^^^^^^^^^^^^^^^^^^^^
  File "D:\diplom\crowler\.venv\Lib\site-packages\browser_use\observability.py", line 73, in async_wrapper
    return await func(*args, **kwargs)
           ^^^^^^^^^^^^^^^^^^^^^^^^^^^
  File "D:\diplom\crowler\.venv\Lib\site-packages\browser_use\browser\watchdogs\dom_watchdog.py", line 700, in _capture_clean_screenshot
    screenshot_b64 = await screenshot_event.event_result(raise_if_any=True, raise_if_none=True)
                     ^^^^^^^^^^^^^^^^^^^^^^^^^^^^^^^^^^^^^^^^^^^^^^^^^^^^^^^^^^^^^^^^^^^^^^^^^^
  File "D:\diplom\crowler\.venv\Lib\site-packages\bubus\models.py", line 574, in event_result
    valid_results = await self.event_results_filtered(
                    ^^^^^^^^^^^^^^^^^^^^^^^^^^^^^^^^^^
  File "D:\diplom\crowler\.venv\Lib\site-packages\bubus\models.py", line 516, in event_results_filtered
    raise original_error
  File "D:\diplom\crowler\.venv\Lib\site-packages\bubus\models.py", line 490, in event_results_filtered
    await event_result
  File "D:\diplom\crowler\.venv\Lib\site-packages\bubus\models.py", line 889, in wait_for_handler_to_complete_and_return_result
    raise self.error if isinstance(self.error, BaseException) else Exception(self.error)  # pyright: ignore[reportUnnecessaryIsInstance]
    ^^^^^^^^^^^^^^^^^^^^^^^^^^^^^^^^^^^^^^^^^^^^^^^^^^^^^^^^^^^^^^^^^^^^^^^^^^^^^^^^^^^^
  File "D:\diplom\crowler\.venv\Lib\site-packages\bubus\service.py", line 1070, in _execute_handlers
    await self.execute_handler(event, handler, timeout=timeout)
  File "D:\diplom\crowler\.venv\Lib\site-packages\bubus\service.py", line 1194, in execute_handler
    raise handler_timeout_error from e
TimeoutError: Event handler browser_use.browser.watchdog_base.ScreenshotWatchdog.on_ScreenshotEvent#8752(?▶ ScreenshotEvent#1135 🏃) timed out after 15.0s
